<?xml version="1.0" encoding="UTF-8"?>
<testsuite name="kyungCoupon.controller.CouponControllerTest" tests="1" skipped="0" failures="0" errors="0" timestamp="2020-06-21T14:49:50" hostname="chanju-gyeong-ui-MacBook-Pro.local" time="0.345">
  <properties/>
  <testcase name="generateCouponNum" classname="kyungCoupon.controller.CouponControllerTest" time="0.345"/>
  <system-out><![CDATA[23:49:39.732 [Test worker] DEBUG org.springframework.test.context.junit4.SpringJUnit4ClassRunner - SpringJUnit4ClassRunner constructor called with [class kyungCoupon.controller.CouponControllerTest]
23:49:39.761 [Test worker] DEBUG org.springframework.test.context.BootstrapUtils - Instantiating CacheAwareContextLoaderDelegate from class [org.springframework.test.context.cache.DefaultCacheAwareContextLoaderDelegate]
23:49:39.794 [Test worker] DEBUG org.springframework.test.context.BootstrapUtils - Instantiating BootstrapContext using constructor [public org.springframework.test.context.support.DefaultBootstrapContext(java.lang.Class,org.springframework.test.context.CacheAwareContextLoaderDelegate)]
23:49:39.913 [Test worker] DEBUG org.springframework.test.context.BootstrapUtils - Instantiating TestContextBootstrapper for test class [kyungCoupon.controller.CouponControllerTest] from class [org.springframework.boot.test.autoconfigure.web.servlet.WebMvcTestContextBootstrapper]
23:49:39.973 [Test worker] INFO org.springframework.boot.test.autoconfigure.web.servlet.WebMvcTestContextBootstrapper - Neither @ContextConfiguration nor @ContextHierarchy found for test class [kyungCoupon.controller.CouponControllerTest], using SpringBootContextLoader
23:49:39.982 [Test worker] DEBUG org.springframework.test.context.support.AbstractContextLoader - Did not detect default resource location for test class [kyungCoupon.controller.CouponControllerTest]: class path resource [kyungCoupon/controller/CouponControllerTest-context.xml] does not exist
23:49:39.982 [Test worker] DEBUG org.springframework.test.context.support.AbstractContextLoader - Did not detect default resource location for test class [kyungCoupon.controller.CouponControllerTest]: class path resource [kyungCoupon/controller/CouponControllerTestContext.groovy] does not exist
23:49:39.983 [Test worker] INFO org.springframework.test.context.support.AbstractContextLoader - Could not detect default resource locations for test class [kyungCoupon.controller.CouponControllerTest]: no resource found for suffixes {-context.xml, Context.groovy}.
23:49:39.984 [Test worker] INFO org.springframework.test.context.support.AnnotationConfigContextLoaderUtils - Could not detect default configuration classes for test class [kyungCoupon.controller.CouponControllerTest]: CouponControllerTest does not declare any static, non-private, non-final, nested classes annotated with @Configuration.
23:49:40.282 [Test worker] DEBUG org.springframework.test.context.support.ActiveProfilesUtils - Could not find an 'annotation declaring class' for annotation type [org.springframework.test.context.ActiveProfiles] and class [kyungCoupon.controller.CouponControllerTest]
23:49:40.555 [Test worker] DEBUG org.springframework.context.annotation.ClassPathScanningCandidateComponentProvider - Identified candidate component class: file [/Users/kyung/Documents/intelliJWorkSpace/KyungCoupon/build/classes/java/main/kyungCoupon/KyungCouponApplication.class]
23:49:40.557 [Test worker] INFO org.springframework.boot.test.context.SpringBootTestContextBootstrapper - Found @SpringBootConfiguration kyungCoupon.KyungCouponApplication for test class kyungCoupon.controller.CouponControllerTest
23:49:40.560 [Test worker] DEBUG org.springframework.boot.test.autoconfigure.web.servlet.WebMvcTestContextBootstrapper - @TestExecutionListeners is not present for class [kyungCoupon.controller.CouponControllerTest]: using defaults.
23:49:40.561 [Test worker] INFO org.springframework.boot.test.autoconfigure.web.servlet.WebMvcTestContextBootstrapper - Loaded default TestExecutionListener class names from location [META-INF/spring.factories]: [org.springframework.boot.test.autoconfigure.restdocs.RestDocsTestExecutionListener, org.springframework.boot.test.autoconfigure.web.client.MockRestServiceServerResetTestExecutionListener, org.springframework.boot.test.autoconfigure.web.servlet.MockMvcPrintOnlyOnFailureTestExecutionListener, org.springframework.boot.test.autoconfigure.web.servlet.WebDriverTestExecutionListener, org.springframework.boot.test.mock.mockito.MockitoTestExecutionListener, org.springframework.boot.test.mock.mockito.ResetMocksTestExecutionListener, org.springframework.test.context.web.ServletTestExecutionListener, org.springframework.test.context.support.DirtiesContextBeforeModesTestExecutionListener, org.springframework.test.context.support.DependencyInjectionTestExecutionListener, org.springframework.test.context.support.DirtiesContextTestExecutionListener, org.springframework.test.context.transaction.TransactionalTestExecutionListener, org.springframework.test.context.jdbc.SqlScriptsTestExecutionListener, org.springframework.test.context.event.EventPublishingTestExecutionListener]
23:49:40.642 [Test worker] INFO org.springframework.boot.test.autoconfigure.web.servlet.WebMvcTestContextBootstrapper - Using TestExecutionListeners: [org.springframework.test.context.web.ServletTestExecutionListener@b351522, org.springframework.test.context.support.DirtiesContextBeforeModesTestExecutionListener@4305e8f9, org.springframework.boot.test.mock.mockito.MockitoTestExecutionListener@66a5ea71, org.springframework.boot.test.autoconfigure.SpringBootDependencyInjectionTestExecutionListener@75b14345, org.springframework.test.context.support.DirtiesContextTestExecutionListener@568ed4d4, org.springframework.test.context.transaction.TransactionalTestExecutionListener@3aa0acdc, org.springframework.test.context.jdbc.SqlScriptsTestExecutionListener@739f2f9b, org.springframework.test.context.event.EventPublishingTestExecutionListener@ccbe1c6, org.springframework.boot.test.autoconfigure.restdocs.RestDocsTestExecutionListener@2c43acff, org.springframework.boot.test.autoconfigure.web.client.MockRestServiceServerResetTestExecutionListener@133a23e7, org.springframework.boot.test.autoconfigure.web.servlet.MockMvcPrintOnlyOnFailureTestExecutionListener@195325ec, org.springframework.boot.test.autoconfigure.web.servlet.WebDriverTestExecutionListener@4a4532d1, org.springframework.boot.test.mock.mockito.ResetMocksTestExecutionListener@7b505b32]
23:49:40.648 [Test worker] DEBUG org.springframework.test.annotation.ProfileValueUtils - Retrieved @ProfileValueSourceConfiguration [null] for test class [kyungCoupon.controller.CouponControllerTest]
23:49:40.649 [Test worker] DEBUG org.springframework.test.annotation.ProfileValueUtils - Retrieved ProfileValueSource type [class org.springframework.test.annotation.SystemProfileValueSource] for class [kyungCoupon.controller.CouponControllerTest]
23:49:40.654 [Test worker] DEBUG org.springframework.test.annotation.ProfileValueUtils - Retrieved @ProfileValueSourceConfiguration [null] for test class [kyungCoupon.controller.CouponControllerTest]
23:49:40.654 [Test worker] DEBUG org.springframework.test.annotation.ProfileValueUtils - Retrieved ProfileValueSource type [class org.springframework.test.annotation.SystemProfileValueSource] for class [kyungCoupon.controller.CouponControllerTest]
23:49:40.655 [Test worker] DEBUG org.springframework.test.annotation.ProfileValueUtils - Retrieved @ProfileValueSourceConfiguration [null] for test class [kyungCoupon.controller.CouponControllerTest]
23:49:40.656 [Test worker] DEBUG org.springframework.test.annotation.ProfileValueUtils - Retrieved ProfileValueSource type [class org.springframework.test.annotation.SystemProfileValueSource] for class [kyungCoupon.controller.CouponControllerTest]
23:49:40.662 [Test worker] DEBUG org.springframework.test.context.support.AbstractDirtiesContextTestExecutionListener - Before test class: context [DefaultTestContext@61cda23d testClass = CouponControllerTest, testInstance = [null], testMethod = [null], testException = [null], mergedContextConfiguration = [WebMergedContextConfiguration@37973c59 testClass = CouponControllerTest, locations = '{}', classes = '{class kyungCoupon.KyungCouponApplication}', contextInitializerClasses = '[]', activeProfiles = '{}', propertySourceLocations = '{}', propertySourceProperties = '{org.springframework.boot.test.autoconfigure.web.servlet.WebMvcTestContextBootstrapper=true}', contextCustomizers = set[org.springframework.boot.test.autoconfigure.OverrideAutoConfigurationContextCustomizerFactory$DisableAutoConfigurationContextCustomizer@7be7f0c2, org.springframework.boot.test.autoconfigure.filter.TypeExcludeFiltersContextCustomizer@7e539d69, org.springframework.boot.test.autoconfigure.properties.PropertyMappingContextCustomizer@10933de9, org.springframework.boot.test.autoconfigure.web.servlet.WebDriverContextCustomizerFactory$Customizer@1768e365, [ImportsContextCustomizer@33731a81 key = [org.springframework.boot.autoconfigure.cache.CacheAutoConfiguration, org.springframework.boot.autoconfigure.context.MessageSourceAutoConfiguration, org.springframework.boot.autoconfigure.data.web.SpringDataWebAutoConfiguration, org.springframework.boot.autoconfigure.freemarker.FreeMarkerAutoConfiguration, org.springframework.boot.autoconfigure.groovy.template.GroovyTemplateAutoConfiguration, org.springframework.boot.autoconfigure.gson.GsonAutoConfiguration, org.springframework.boot.autoconfigure.hateoas.HypermediaAutoConfiguration, org.springframework.boot.autoconfigure.http.HttpMessageConvertersAutoConfiguration, org.springframework.boot.autoconfigure.jackson.JacksonAutoConfiguration, org.springframework.boot.autoconfigure.jsonb.JsonbAutoConfiguration, org.springframework.boot.autoconfigure.mustache.MustacheAutoConfiguration, org.springframework.boot.autoconfigure.task.TaskExecutionAutoConfiguration, org.springframework.boot.autoconfigure.thymeleaf.ThymeleafAutoConfiguration, org.springframework.boot.autoconfigure.validation.ValidationAutoConfiguration, org.springframework.boot.autoconfigure.web.servlet.error.ErrorMvcAutoConfiguration, org.springframework.boot.autoconfigure.web.servlet.WebMvcAutoConfiguration, org.springframework.boot.test.autoconfigure.web.servlet.MockMvcAutoConfiguration, org.springframework.boot.test.autoconfigure.web.servlet.MockMvcWebClientAutoConfiguration, org.springframework.boot.test.autoconfigure.web.servlet.MockMvcWebDriverAutoConfiguration, org.springframework.boot.autoconfigure.security.servlet.SecurityAutoConfiguration, org.springframework.boot.autoconfigure.security.servlet.UserDetailsServiceAutoConfiguration, org.springframework.boot.test.autoconfigure.web.servlet.MockMvcSecurityConfiguration]], org.springframework.boot.test.context.filter.ExcludeFilterContextCustomizer@50ef9b10, org.springframework.boot.test.json.DuplicateJsonObjectContextCustomizerFactory$DuplicateJsonObjectContextCustomizer@6e268b8e, org.springframework.boot.test.mock.mockito.MockitoContextCustomizer@7124a773], resourceBasePath = 'src/main/webapp', contextLoader = 'org.springframework.boot.test.context.SpringBootContextLoader', parent = [null]], attributes = map[[empty]]], class annotated with @DirtiesContext [false] with mode [null].
23:49:40.666 [Test worker] DEBUG org.springframework.test.annotation.ProfileValueUtils - Retrieved @ProfileValueSourceConfiguration [null] for test class [kyungCoupon.controller.CouponControllerTest]
23:49:40.666 [Test worker] DEBUG org.springframework.test.annotation.ProfileValueUtils - Retrieved ProfileValueSource type [class org.springframework.test.annotation.SystemProfileValueSource] for class [kyungCoupon.controller.CouponControllerTest]
23:49:41.060 [Test worker] DEBUG org.springframework.test.context.support.TestPropertySourceUtils - Adding inlined properties to environment: {spring.jmx.enabled=false, org.springframework.boot.test.autoconfigure.web.servlet.WebMvcTestContextBootstrapper=true, server.port=-1}

  .   ____          _            __ _ _
 /\\ / ___'_ __ _ _(_)_ __  __ _ \ \ \ \
( ( )\___ | '_ | '_| | '_ \/ _` | \ \ \ \
 \\/  ___)| |_)| | | | | || (_| |  ) ) ) )
  '  |____| .__|_| |_|_| |_\__, | / / / /
 =========|_|==============|___/=/_/_/_/
 :: Spring Boot ::        (v2.2.4.RELEASE)

2020-06-21 23:49:43.436  INFO 19164 --- [    Test worker] k.controller.CouponControllerTest        : Starting CouponControllerTest on chanju-gyeong-ui-MacBook-Pro.local with PID 19164 (started by kyung in /Users/kyung/Documents/intelliJWorkSpace/KyungCoupon)
2020-06-21 23:49:43.441  INFO 19164 --- [    Test worker] k.controller.CouponControllerTest        : No active profile set, falling back to default profiles: default
2020-06-21 23:49:48.648  INFO 19164 --- [    Test worker] .s.s.UserDetailsServiceAutoConfiguration : 

Using generated security password: 10f41b05-8cce-4501-8b7d-e23880f91f9f

2020-06-21 23:49:49.447  INFO 19164 --- [    Test worker] o.s.s.web.DefaultSecurityFilterChain     : Creating filter chain: any request, [org.springframework.security.web.context.request.async.WebAsyncManagerIntegrationFilter@62d5b31b, org.springframework.security.web.context.SecurityContextPersistenceFilter@4bc01ea0, org.springframework.security.web.header.HeaderWriterFilter@e00b8ff, org.springframework.security.web.authentication.logout.LogoutFilter@2374153a, kyungCoupon.util.JwtAuthenticationFilter@1bea7fd6, org.springframework.security.web.savedrequest.RequestCacheAwareFilter@7d9b3fa2, org.springframework.security.web.servletapi.SecurityContextHolderAwareRequestFilter@7e044cb0, org.springframework.security.web.authentication.AnonymousAuthenticationFilter@8968362, org.springframework.security.web.session.SessionManagementFilter@405a86c1, org.springframework.security.web.access.ExceptionTranslationFilter@6e251161]
2020-06-21 23:49:50.112  INFO 19164 --- [    Test worker] o.s.s.concurrent.ThreadPoolTaskExecutor  : Initializing ExecutorService 'applicationTaskExecutor'
2020-06-21 23:49:50.662  INFO 19164 --- [    Test worker] o.s.b.t.m.w.SpringBootMockServletContext : Initializing Spring TestDispatcherServlet ''
2020-06-21 23:49:50.662  INFO 19164 --- [    Test worker] o.s.t.web.servlet.TestDispatcherServlet  : Initializing Servlet ''
2020-06-21 23:49:50.692  INFO 19164 --- [    Test worker] o.s.t.web.servlet.TestDispatcherServlet  : Completed initialization in 29 ms
2020-06-21 23:49:50.777  INFO 19164 --- [    Test worker] k.controller.CouponControllerTest        : Started CouponControllerTest in 9.633 seconds (JVM running for 12.866)
]]></system-out>
  <system-err><![CDATA[]]></system-err>
</testsuite>
